<?xml version="1.0" encoding="UTF-8"?>
<!-- Generated by org.testng.reporters.JUnitXMLReporter -->
<testsuite ignored="0" hostname="Hanishs-MacBook-Air.local" failures="0" tests="2" name="Default test" time="24.673" errors="0" timestamp="2024-06-06T15:54:06 IST">
  <testcase classname="pallavi.com.SeleniumFramework.tests.ProductsTest" name="SubmitOrder" time="14.631"/>
  <testcase classname="pallavi.com.SeleniumFramework.tests.ProductsTest" name="OrdersPageVerification" time="2.051"/>
</testsuite> <!-- Default test -->
