<?xml version="1.0" encoding="UTF-8"?>
<!-- Generated by org.testng.reporters.JUnitXMLReporter -->
<testsuite ignored="0" hostname="Hanishs-MacBook-Air.local" failures="0" tests="2" name="ErrorValidations" time="154.995" errors="0" timestamp="2024-07-21T19:27:24 IST">
  <testcase classname="pallavi.com.SeleniumFramework.tests.ErrorValidationsTest" name="LoginPageErrorValidation" time="1.229"/>
  <testcase classname="pallavi.com.SeleniumFramework.tests.ErrorValidationsTest" name="ProductNameErrorValidation" time="15.024"/>
</testsuite> <!-- ErrorValidations -->
