<?xml version="1.0" encoding="UTF-8"?>
<!-- Generated by org.testng.reporters.JUnitXMLReporter -->
<testsuite ignored="2" hostname="Hanishs-MacBook-Air.local" failures="0" tests="0" time="0.001" errors="0" timestamp="2024-07-08T23:01:58 IST">
  <testcase classname="pallavi.com.SeleniumFramework.tests.ErrorValidationsTest" name="ProductNameErrorValidation" time="0.0">
    <ignored/>
  </testcase> <!-- ProductNameErrorValidation -->
  <testcase classname="pallavi.com.SeleniumFramework.tests.ErrorValidationsTest" name="LoginPageErrorValidation" time="0.0">
    <ignored/>
  </testcase> <!-- LoginPageErrorValidation -->
</testsuite>
