<?xml version="1.0" encoding="UTF-8"?>
<!-- Generated by org.testng.reporters.JUnitXMLReporter -->
<testsuite ignored="1" hostname="Hanishs-MacBook-Air.local" failures="0" tests="2" name="Products" time="26.506" errors="0" timestamp="2024-07-08T23:01:58 IST">
  <testcase classname="pallavi.com.SeleniumFramework.tests.ProductsTest" name="SubmitOrder" time="14.659"/>
  <testcase classname="pallavi.com.SeleniumFramework.tests.ProductsTest" name="SubmitOrder" time="3.111"/>
  <testcase classname="pallavi.com.SeleniumFramework.tests.ProductsTest" name="OrdersPageVerification" time="0.0">
    <ignored/>
  </testcase> <!-- OrdersPageVerification -->
</testsuite> <!-- Products -->
