<?xml version="1.0" encoding="UTF-8"?>
<testng-results ignored="0" total="2" passed="2" failed="0" skipped="0">
  <reporter-output>
  </reporter-output>
  <suite started-at="2024-07-08T23:01:27 IST" name="Suite" finished-at="2024-07-08T23:01:58 IST" duration-ms="31563">
    <groups>
      <group name="Purchase">
        <method signature="ProductsTest.SubmitOrder(java.util.HashMap)[pri:0, instance:pallavi.com.SeleniumFramework.tests.ProductsTest@670002]" name="SubmitOrder" class="pallavi.com.SeleniumFramework.tests.ProductsTest"/>
      </group> <!-- Purchase -->
    </groups>
    <test started-at="2024-07-08T23:01:27 IST" name="Products" finished-at="2024-07-08T23:01:53 IST" duration-ms="26506">
      <class name="pallavi.com.SeleniumFramework.tests.ProductsTest">
        <test-method is-config="true" signature="launchingapplication()[pri:0, instance:pallavi.com.SeleniumFramework.tests.ProductsTest@670002]" started-at="2024-07-08T23:01:28 IST" name="launchingapplication" finished-at="2024-07-08T23:01:33 IST" duration-ms="4960" status="PASS">
          <reporter-output>
          </reporter-output>
        </test-method> <!-- launchingapplication -->
        <test-method signature="SubmitOrder(java.util.HashMap)[pri:0, instance:pallavi.com.SeleniumFramework.tests.ProductsTest@670002]" started-at="2024-07-08T23:01:33 IST" name="SubmitOrder" data-provider="getData" finished-at="2024-07-08T23:01:47 IST" duration-ms="14659" status="PASS">
          <params>
            <param index="0">
              <value>
                <![CDATA[{ProductName=ZARA COAT 3, username=pallavihanish@gmail.com, Password=Pallavi@123}]]>
              </value>
            </param>
          </params>
          <reporter-output>
          </reporter-output>
        </test-method> <!-- SubmitOrder -->
        <test-method is-config="true" signature="tearDown()[pri:0, instance:pallavi.com.SeleniumFramework.tests.ProductsTest@670002]" started-at="2024-07-08T23:01:47 IST" name="tearDown" finished-at="2024-07-08T23:01:47 IST" duration-ms="158" status="PASS">
          <reporter-output>
          </reporter-output>
        </test-method> <!-- tearDown -->
        <test-method is-config="true" signature="launchingapplication()[pri:0, instance:pallavi.com.SeleniumFramework.tests.ProductsTest@670002]" started-at="2024-07-08T23:01:47 IST" name="launchingapplication" finished-at="2024-07-08T23:01:50 IST" duration-ms="2698" status="PASS">
          <reporter-output>
          </reporter-output>
        </test-method> <!-- launchingapplication -->
        <test-method signature="SubmitOrder(java.util.HashMap)[pri:0, instance:pallavi.com.SeleniumFramework.tests.ProductsTest@670002]" started-at="2024-07-08T23:01:50 IST" name="SubmitOrder" data-provider="getData" finished-at="2024-07-08T23:01:53 IST" duration-ms="3111" status="PASS">
          <params>
            <param index="0">
              <value>
                <![CDATA[{ProductName=ADIDAS ORIGINAL, username=hanish@gmail.com, Password=Hanish@1234}]]>
              </value>
            </param>
          </params>
          <reporter-output>
          </reporter-output>
        </test-method> <!-- SubmitOrder -->
        <test-method is-config="true" signature="tearDown()[pri:0, instance:pallavi.com.SeleniumFramework.tests.ProductsTest@670002]" started-at="2024-07-08T23:01:53 IST" name="tearDown" finished-at="2024-07-08T23:01:53 IST" duration-ms="225" status="PASS">
          <reporter-output>
          </reporter-output>
        </test-method> <!-- tearDown -->
      </class> <!-- pallavi.com.SeleniumFramework.tests.ProductsTest -->
    </test> <!-- Products -->
    <test started-at="2024-07-08T23:01:58 IST" name="ErrorValidations" finished-at="2024-07-08T23:01:58 IST" duration-ms="1">
    </test> <!-- ErrorValidations -->
  </suite> <!-- Suite -->
</testng-results>
